0 info it worked if it ends with ok
1 verbose cli [
1 verbose cli   '/usr/local/bin/node',
1 verbose cli   '/usr/local/bin/npm',
1 verbose cli   'install',
1 verbose cli   '--ignore-scripts',
1 verbose cli   '@types/express@ts3.6',
1 verbose cli   '@types/nodemon@ts3.6',
1 verbose cli   '@types/sqlite3@ts3.6',
1 verbose cli   '@types/abbrev@ts3.6',
1 verbose cli   '@types/accepts@ts3.6',
1 verbose cli   '@types/ansi-align@ts3.6',
1 verbose cli   '@types/are-we-there-yet@ts3.6',
1 verbose cli   '@types/asn1@ts3.6',
1 verbose cli   '@types/assert-plus@ts3.6',
1 verbose cli   '@types/aws4@ts3.6',
1 verbose cli   '@types/balanced-match@ts3.6',
1 verbose cli   '@types/body-parser@ts3.6',
1 verbose cli   '@types/brace-expansion@ts3.6',
1 verbose cli   '@types/braces@ts3.6',
1 verbose cli   '@types/bytes@ts3.6',
1 verbose cli   '@types/caseless@ts3.6',
1 verbose cli   '@types/chownr@ts3.6',
1 verbose cli   '@types/color-convert@ts3.6',
1 verbose cli   '@types/color-name@ts3.6',
1 verbose cli   '@types/combined-stream@ts3.6',
1 verbose cli   '@types/concat-map@ts3.6',
1 verbose cli   '@types/configstore@ts3.6',
1 verbose cli   '@types/content-disposition@ts3.6',
1 verbose cli   '@types/content-type@ts3.6',
1 verbose cli   '@types/cookie@ts3.6',
1 verbose cli   '@types/cookie-signature@ts3.6',
1 verbose cli   '@types/dashdash@ts3.6',
1 verbose cli   '@types/debug@ts3.6',
1 verbose cli   '@types/deep-extend@ts3.6',
1 verbose cli   '@types/delegates@ts3.6',
1 verbose cli   '@types/depd@ts3.6',
1 verbose cli   '@types/destroy@ts3.6',
1 verbose cli   '@types/detect-libc@ts3.6',
1 verbose cli   '@types/duplexer3@ts3.6',
1 verbose cli   '@types/ee-first@ts3.6',
1 verbose cli   '@types/encodeurl@ts3.6',
1 verbose cli   '@types/end-of-stream@ts3.6',
1 verbose cli   '@types/escape-html@ts3.6',
1 verbose cli   '@types/etag@ts3.6',
1 verbose cli   '@types/extend@ts3.6',
1 verbose cli   '@types/extsprintf@ts3.6',
1 verbose cli   '@types/fill-range@ts3.6',
1 verbose cli   '@types/finalhandler@ts3.6',
1 verbose cli   '@types/forever-agent@ts3.6',
1 verbose cli   '@types/forwarded@ts3.6',
1 verbose cli   '@types/fresh@ts3.6',
1 verbose cli   '@types/fs-minipass@ts3.6',
1 verbose cli   '@types/gauge@ts3.6',
1 verbose cli   '@types/getpass@ts3.6',
1 verbose cli   '@types/glob-parent@ts3.6',
1 verbose cli   '@types/graceful-fs@ts3.6',
1 verbose cli   '@types/http-cache-semantics@ts3.6',
1 verbose cli   '@types/http-errors@ts3.6',
1 verbose cli   '@types/http-signature@ts3.6',
1 verbose cli   '@types/ignore-walk@ts3.6',
1 verbose cli   '@types/imurmurhash@ts3.6',
1 verbose cli   '@types/inherits@ts3.6',
1 verbose cli   '@types/ini@ts3.6',
1 verbose cli   '@types/is-ci@ts3.6',
1 verbose cli   '@types/is-glob@ts3.6',
1 verbose cli   '@types/is-number@ts3.6',
1 verbose cli   '@types/is-typedarray@ts3.6',
1 verbose cli   '@types/isarray@ts3.6',
1 verbose cli   '@types/isexe@ts3.6',
1 verbose cli   '@types/isstream@ts3.6',
1 verbose cli   '@types/jsbn@ts3.6',
1 verbose cli   '@types/json-buffer@ts3.6',
1 verbose cli   '@types/json-schema@ts3.6',
1 verbose cli   '@types/json-stringify-safe@ts3.6',
1 verbose cli   '@types/jsprim@ts3.6',
1 verbose cli   '@types/media-typer@ts3.6',
1 verbose cli   '@types/merge-descriptors@ts3.6',
1 verbose cli   '@types/methods@ts3.6',
1 verbose cli   '@types/mime@ts3.6',
1 verbose cli   '@types/mime-db@ts3.6',
1 verbose cli   '@types/mime-types@ts3.6',
1 verbose cli   '@types/minimist@ts3.6',
1 verbose cli   '@types/minizlib@ts3.6',
1 verbose cli   '@types/ms@ts3.6',
1 verbose cli   '@types/needle@ts3.6',
1 verbose cli   '@types/negotiator@ts3.6',
1 verbose cli   '@types/nopt@ts3.6',
1 verbose cli   '@types/normalize-path@ts3.6',
1 verbose cli   '@types/npm-packlist@ts3.6',
1 verbose cli   '@types/npmlog@ts3.6',
1 verbose cli   '@types/number-is-nan@ts3.6',
1 verbose cli   '@types/object-assign@ts3.6',
1 verbose cli   '@types/on-finished@ts3.6',
1 verbose cli   '@types/once@ts3.6',
1 verbose cli   '@types/os-homedir@ts3.6',
1 verbose cli   '@types/os-tmpdir@ts3.6',
1 verbose cli   '@types/osenv@ts3.6',
1 verbose cli   '@types/parseurl@ts3.6',
1 verbose cli   '@types/path-is-absolute@ts3.6',
1 verbose cli   '@types/picomatch@ts3.6',
1 verbose cli   '@types/proxy-addr@ts3.6',
1 verbose cli   ... 40 more items
1 verbose cli ]
2 info using npm@6.14.6
3 info using node@v12.18.3
4 verbose npm-session 3d4e03501da3eb2e
5 silly install loadCurrentTree
6 silly install readLocalPackageData
7 http fetch GET 200 https://registry.npmjs.org/@types%2fabbrev 82ms (from cache)
8 silly pacote tag manifest for @types/abbrev@ts3.6 fetched in 90ms
9 http fetch GET 304 https://registry.npmjs.org/@types%2fnodemon 264ms (from cache)
10 http fetch GET 304 https://registry.npmjs.org/@types%2fassert-plus 259ms (from cache)
11 silly pacote tag manifest for @types/nodemon@ts3.6 fetched in 270ms
12 http fetch GET 304 https://registry.npmjs.org/@types%2fbalanced-match 178ms (from cache)
13 http fetch GET 304 https://registry.npmjs.org/@types%2faccepts 267ms (from cache)
14 http fetch GET 304 https://registry.npmjs.org/@types%2fasn1 267ms (from cache)
15 http fetch GET 304 https://registry.npmjs.org/@types%2fexpress 278ms (from cache)
16 silly pacote tag manifest for @types/assert-plus@ts3.6 fetched in 269ms
17 silly pacote tag manifest for @types/balanced-match@ts3.6 fetched in 187ms
18 silly pacote tag manifest for @types/accepts@ts3.6 fetched in 277ms
19 silly pacote tag manifest for @types/asn1@ts3.6 fetched in 275ms
20 silly pacote tag manifest for @types/express@ts3.6 fetched in 290ms
21 http fetch GET 200 https://registry.npmjs.org/@types%2fbrace-expansion 15ms (from cache)
22 http fetch GET 200 https://registry.npmjs.org/@types%2fbraces 14ms (from cache)
23 http fetch GET 200 https://registry.npmjs.org/@types%2fcaseless 11ms (from cache)
24 silly pacote tag manifest for @types/brace-expansion@ts3.6 fetched in 18ms
25 silly pacote tag manifest for @types/braces@ts3.6 fetched in 18ms
26 silly pacote tag manifest for @types/caseless@ts3.6 fetched in 16ms
27 http fetch GET 304 https://registry.npmjs.org/@types%2faws4 301ms (from cache)
28 silly pacote tag manifest for @types/aws4@ts3.6 fetched in 303ms
29 http fetch GET 304 https://registry.npmjs.org/@types%2fbody-parser 80ms (from cache)
30 silly pacote tag manifest for @types/body-parser@ts3.6 fetched in 81ms
31 http fetch GET 200 https://registry.npmjs.org/@types%2fconfigstore 2ms (from cache)
32 silly pacote tag manifest for @types/configstore@ts3.6 fetched in 3ms
33 http fetch GET 304 https://registry.npmjs.org/@types%2fcolor-convert 77ms (from cache)
34 silly pacote tag manifest for @types/color-convert@ts3.6 fetched in 80ms
35 http fetch GET 304 https://registry.npmjs.org/@types%2fconcat-map 70ms (from cache)
36 silly pacote tag manifest for @types/concat-map@ts3.6 fetched in 71ms
37 http fetch GET 304 https://registry.npmjs.org/@types%2fcombined-stream 92ms (from cache)
38 silly pacote tag manifest for @types/combined-stream@ts3.6 fetched in 92ms
39 http fetch GET 304 https://registry.npmjs.org/@types%2fcontent-disposition 82ms (from cache)
40 silly pacote tag manifest for @types/content-disposition@ts3.6 fetched in 84ms
41 http fetch GET 304 https://registry.npmjs.org/@types%2fdashdash 69ms (from cache)
42 silly pacote tag manifest for @types/dashdash@ts3.6 fetched in 70ms
43 http fetch GET 304 https://registry.npmjs.org/@types%2fdebug 79ms (from cache)
44 silly pacote tag manifest for @types/debug@ts3.6 fetched in 83ms
45 http fetch GET 200 https://registry.npmjs.org/@types%2fdeep-extend 2ms (from cache)
46 silly pacote tag manifest for @types/deep-extend@ts3.6 fetched in 4ms
47 http fetch GET 200 https://registry.npmjs.org/@types%2fdelegates 67ms
48 silly fetchPackageMetaData error for @types/delegates@ts3.6 No matching version found for @types/delegates@ts3.6.
49 http fetch GET 304 https://registry.npmjs.org/@types%2fcontent-type 355ms (from cache)
50 silly pacote tag manifest for @types/content-type@ts3.6 fetched in 356ms
51 http fetch GET 200 https://registry.npmjs.org/@types%2fdestroy 2ms (from cache)
52 silly pacote tag manifest for @types/destroy@ts3.6 fetched in 4ms
53 http fetch GET 304 https://registry.npmjs.org/@types%2fdetect-libc 66ms (from cache)
54 silly pacote tag manifest for @types/detect-libc@ts3.6 fetched in 67ms
55 http fetch GET 200 https://registry.npmjs.org/@types%2fduplexer3 4ms (from cache)
56 silly pacote tag manifest for @types/duplexer3@ts3.6 fetched in 5ms
57 http fetch GET 200 https://registry.npmjs.org/@types%2fee-first 3ms (from cache)
58 silly pacote tag manifest for @types/ee-first@ts3.6 fetched in 4ms
59 http fetch GET 304 https://registry.npmjs.org/@types%2fencodeurl 75ms (from cache)
60 silly pacote tag manifest for @types/encodeurl@ts3.6 fetched in 76ms
61 http fetch GET 304 https://registry.npmjs.org/@types%2fchownr 660ms (from cache)
62 silly pacote tag manifest for @types/chownr@ts3.6 fetched in 662ms
63 http fetch GET 304 https://registry.npmjs.org/@types%2fend-of-stream 73ms (from cache)
64 silly pacote tag manifest for @types/end-of-stream@ts3.6 fetched in 74ms
65 http fetch GET 304 https://registry.npmjs.org/@types%2fcolor-name 699ms (from cache)
66 silly pacote tag manifest for @types/color-name@ts3.6 fetched in 701ms
67 http fetch GET 304 https://registry.npmjs.org/@types%2fescape-html 74ms (from cache)
68 silly pacote tag manifest for @types/escape-html@ts3.6 fetched in 75ms
69 http fetch GET 200 https://registry.npmjs.org/@types%2fextsprintf 2ms (from cache)
70 silly pacote tag manifest for @types/extsprintf@ts3.6 fetched in 3ms
71 http fetch GET 304 https://registry.npmjs.org/@types%2fetag 67ms (from cache)
72 silly pacote tag manifest for @types/etag@ts3.6 fetched in 70ms
73 http fetch GET 200 https://registry.npmjs.org/@types%2ffill-range 64ms
74 silly fetchPackageMetaData error for @types/fill-range@ts3.6 No matching version found for @types/fill-range@ts3.6.
75 http fetch GET 304 https://registry.npmjs.org/@types%2ffinalhandler 67ms (from cache)
76 silly pacote tag manifest for @types/finalhandler@ts3.6 fetched in 69ms
77 http fetch GET 304 https://registry.npmjs.org/@types%2fforever-agent 67ms (from cache)
78 silly pacote tag manifest for @types/forever-agent@ts3.6 fetched in 68ms
79 http fetch GET 200 https://registry.npmjs.org/@types%2ffresh 2ms (from cache)
80 silly pacote tag manifest for @types/fresh@ts3.6 fetched in 3ms
81 http fetch GET 304 https://registry.npmjs.org/@types%2fforwarded 81ms (from cache)
82 silly pacote tag manifest for @types/forwarded@ts3.6 fetched in 82ms
83 http fetch GET 200 https://registry.npmjs.org/@types%2fgauge 71ms
84 silly fetchPackageMetaData error for @types/gauge@ts3.6 No matching version found for @types/gauge@ts3.6.
85 http fetch GET 200 https://registry.npmjs.org/@types%2fgetpass 2ms (from cache)
86 silly pacote tag manifest for @types/getpass@ts3.6 fetched in 4ms
87 http fetch GET 200 https://registry.npmjs.org/@types%2fglob-parent 3ms (from cache)
88 silly pacote tag manifest for @types/glob-parent@ts3.6 fetched in 4ms
89 http fetch GET 200 https://registry.npmjs.org/@types%2fgraceful-fs 4ms (from cache)
90 silly pacote tag manifest for @types/graceful-fs@ts3.6 fetched in 5ms
91 http fetch GET 304 https://registry.npmjs.org/@types%2fare-we-there-yet 1520ms (from cache)
92 silly pacote tag manifest for @types/are-we-there-yet@ts3.6 fetched in 1525ms
93 http fetch GET 304 https://registry.npmjs.org/@types%2fhttp-errors 79ms (from cache)
94 silly pacote tag manifest for @types/http-errors@ts3.6 fetched in 80ms
95 http fetch GET 304 https://registry.npmjs.org/@types%2fextend 645ms (from cache)
96 silly pacote tag manifest for @types/extend@ts3.6 fetched in 646ms
97 http fetch GET 200 https://registry.npmjs.org/@types%2fignore-walk 2ms (from cache)
98 silly pacote tag manifest for @types/ignore-walk@ts3.6 fetched in 3ms
99 http fetch GET 200 https://registry.npmjs.org/@types%2fhttp-signature 72ms
100 silly fetchPackageMetaData error for @types/http-signature@ts3.6 No matching version found for @types/http-signature@ts3.6.
101 http fetch GET 304 https://registry.npmjs.org/@types%2finherits 91ms (from cache)
102 silly pacote tag manifest for @types/inherits@ts3.6 fetched in 94ms
103 http fetch GET 304 https://registry.npmjs.org/@types%2fhttp-cache-semantics 613ms (from cache)
104 silly pacote tag manifest for @types/http-cache-semantics@ts3.6 fetched in 615ms
105 http fetch GET 304 https://registry.npmjs.org/@types%2fis-ci 68ms (from cache)
106 silly pacote tag manifest for @types/is-ci@ts3.6 fetched in 69ms
107 http fetch GET 304 https://registry.npmjs.org/@types%2fis-glob 66ms (from cache)
108 silly pacote tag manifest for @types/is-glob@ts3.6 fetched in 68ms
109 http fetch GET 304 https://registry.npmjs.org/@types%2fis-number 71ms (from cache)
110 silly pacote tag manifest for @types/is-number@ts3.6 fetched in 73ms
111 http fetch GET 304 https://registry.npmjs.org/@types%2fis-typedarray 97ms (from cache)
112 silly pacote tag manifest for @types/is-typedarray@ts3.6 fetched in 98ms
113 http fetch GET 304 https://registry.npmjs.org/@types%2fisarray 106ms (from cache)
114 silly pacote tag manifest for @types/isarray@ts3.6 fetched in 109ms
115 http fetch GET 304 https://registry.npmjs.org/@types%2fisexe 97ms (from cache)
116 silly pacote tag manifest for @types/isexe@ts3.6 fetched in 100ms
117 http fetch GET 200 https://registry.npmjs.org/@types%2fisstream 4ms (from cache)
118 silly pacote tag manifest for @types/isstream@ts3.6 fetched in 6ms
119 http fetch GET 200 https://registry.npmjs.org/@types%2fansi-align 2418ms
120 silly fetchPackageMetaData error for @types/ansi-align@ts3.6 No matching version found for @types/ansi-align@ts3.6.
121 http fetch GET 304 https://registry.npmjs.org/@types%2fjsbn 67ms (from cache)
122 silly pacote tag manifest for @types/jsbn@ts3.6 fetched in 69ms
123 http fetch GET 304 https://registry.npmjs.org/@types%2fbytes 2259ms (from cache)
124 silly pacote tag manifest for @types/bytes@ts3.6 fetched in 2261ms
125 http fetch GET 304 https://registry.npmjs.org/@types%2fjson-schema 94ms (from cache)
126 silly pacote tag manifest for @types/json-schema@ts3.6 fetched in 96ms
127 http fetch GET 304 https://registry.npmjs.org/@types%2fjson-stringify-safe 75ms (from cache)
128 silly pacote tag manifest for @types/json-stringify-safe@ts3.6 fetched in 77ms
129 http fetch GET 200 https://registry.npmjs.org/@types%2fjsprim 69ms
130 silly fetchPackageMetaData error for @types/jsprim@ts3.6 No matching version found for @types/jsprim@ts3.6.
131 http fetch GET 304 https://registry.npmjs.org/@types%2fcookie 2266ms (from cache)
132 silly pacote tag manifest for @types/cookie@ts3.6 fetched in 2268ms
133 http fetch GET 200 https://registry.npmjs.org/@types%2fmethods 5ms (from cache)
134 silly pacote tag manifest for @types/methods@ts3.6 fetched in 6ms
135 http fetch GET 304 https://registry.npmjs.org/@types%2fmedia-typer 66ms (from cache)
136 silly pacote tag manifest for @types/media-typer@ts3.6 fetched in 68ms
137 http fetch GET 200 https://registry.npmjs.org/@types%2fmime-db 2ms (from cache)
138 silly pacote tag manifest for @types/mime-db@ts3.6 fetched in 7ms
139 http fetch GET 304 https://registry.npmjs.org/@types%2fsqlite3 2703ms (from cache)
140 silly pacote tag manifest for @types/sqlite3@ts3.6 fetched in 2704ms
141 http fetch GET 304 https://registry.npmjs.org/@types%2fmerge-descriptors 92ms (from cache)
142 silly pacote tag manifest for @types/merge-descriptors@ts3.6 fetched in 94ms
143 http fetch GET 304 https://registry.npmjs.org/@types%2fmime 84ms (from cache)
144 silly pacote tag manifest for @types/mime@ts3.6 fetched in 86ms
145 http fetch GET 304 https://registry.npmjs.org/@types%2fmime-types 63ms (from cache)
146 silly pacote tag manifest for @types/mime-types@ts3.6 fetched in 65ms
147 http fetch GET 200 https://registry.npmjs.org/@types%2fneedle 4ms (from cache)
148 silly pacote tag manifest for @types/needle@ts3.6 fetched in 6ms
149 http fetch GET 304 https://registry.npmjs.org/@types%2fdepd 2105ms (from cache)
150 silly pacote tag manifest for @types/depd@ts3.6 fetched in 2108ms
151 http fetch GET 200 https://registry.npmjs.org/@types%2fnopt 3ms (from cache)
152 silly pacote tag manifest for @types/nopt@ts3.6 fetched in 4ms
153 http fetch GET 304 https://registry.npmjs.org/@types%2fminimist 76ms (from cache)
154 silly pacote tag manifest for @types/minimist@ts3.6 fetched in 78ms
155 http fetch GET 200 https://registry.npmjs.org/@types%2fnpm-packlist 3ms (from cache)
156 silly pacote tag manifest for @types/npm-packlist@ts3.6 fetched in 4ms
157 http fetch GET 304 https://registry.npmjs.org/@types%2fms 93ms (from cache)
158 silly pacote tag manifest for @types/ms@ts3.6 fetched in 94ms
159 http fetch GET 200 https://registry.npmjs.org/@types%2fnumber-is-nan 1ms (from cache)
160 silly pacote tag manifest for @types/number-is-nan@ts3.6 fetched in 2ms
161 http fetch GET 304 https://registry.npmjs.org/@types%2fnormalize-path 71ms (from cache)
162 silly pacote tag manifest for @types/normalize-path@ts3.6 fetched in 73ms
163 http fetch GET 304 https://registry.npmjs.org/@types%2fnpmlog 72ms (from cache)
164 silly pacote tag manifest for @types/npmlog@ts3.6 fetched in 73ms
165 http fetch GET 200 https://registry.npmjs.org/@types%2fonce 2ms (from cache)
166 silly pacote tag manifest for @types/once@ts3.6 fetched in 3ms
167 http fetch GET 200 https://registry.npmjs.org/@types%2fos-homedir 3ms (from cache)
168 silly pacote tag manifest for @types/os-homedir@ts3.6 fetched in 6ms
169 http fetch GET 304 https://registry.npmjs.org/@types%2fcookie-signature 2493ms (from cache)
170 silly pacote tag manifest for @types/cookie-signature@ts3.6 fetched in 2494ms
171 http fetch GET 200 https://registry.npmjs.org/@types%2fosenv 3ms (from cache)
172 silly pacote tag manifest for @types/osenv@ts3.6 fetched in 4ms
173 http fetch GET 304 https://registry.npmjs.org/@types%2fon-finished 65ms (from cache)
174 silly pacote tag manifest for @types/on-finished@ts3.6 fetched in 67ms
175 http fetch GET 304 https://registry.npmjs.org/@types%2fobject-assign 85ms (from cache)
176 silly pacote tag manifest for @types/object-assign@ts3.6 fetched in 87ms
177 http fetch GET 304 https://registry.npmjs.org/@types%2fos-tmpdir 69ms (from cache)
178 silly pacote tag manifest for @types/os-tmpdir@ts3.6 fetched in 70ms
179 http fetch GET 304 https://registry.npmjs.org/@types%2fparseurl 65ms (from cache)
180 silly pacote tag manifest for @types/parseurl@ts3.6 fetched in 66ms
181 http fetch GET 200 https://registry.npmjs.org/@types%2fpsl 3ms (from cache)
182 silly pacote tag manifest for @types/psl@ts3.6 fetched in 4ms
183 http fetch GET 304 https://registry.npmjs.org/@types%2fpath-is-absolute 80ms (from cache)
184 silly pacote tag manifest for @types/path-is-absolute@ts3.6 fetched in 82ms
185 http fetch GET 304 https://registry.npmjs.org/@types%2fpicomatch 81ms (from cache)
186 http fetch GET 304 https://registry.npmjs.org/@types%2fproxy-addr 69ms (from cache)
187 silly pacote tag manifest for @types/picomatch@ts3.6 fetched in 83ms
188 silly pacote tag manifest for @types/proxy-addr@ts3.6 fetched in 73ms
189 http fetch GET 304 https://registry.npmjs.org/@types%2fpump 81ms (from cache)
190 http fetch GET 304 https://registry.npmjs.org/@types%2fimurmurhash 1398ms (from cache)
191 silly pacote tag manifest for @types/pump@ts3.6 fetched in 83ms
192 silly pacote tag manifest for @types/imurmurhash@ts3.6 fetched in 1400ms
193 http fetch GET 200 https://registry.npmjs.org/@types%2freadable-stream 6ms (from cache)
194 silly pacote tag manifest for @types/readable-stream@ts3.6 fetched in 9ms
195 http fetch GET 200 https://registry.npmjs.org/@types%2fregistry-auth-token 3ms (from cache)
196 silly pacote tag manifest for @types/registry-auth-token@ts3.6 fetched in 4ms
197 http fetch GET 304 https://registry.npmjs.org/@types%2frange-parser 76ms (from cache)
198 silly pacote tag manifest for @types/range-parser@ts3.6 fetched in 76ms
199 http fetch GET 304 https://registry.npmjs.org/@types%2fqs 110ms (from cache)
200 silly pacote tag manifest for @types/qs@ts3.6 fetched in 113ms
201 http fetch GET 304 https://registry.npmjs.org/@types%2frc 92ms (from cache)
202 silly pacote tag manifest for @types/rc@ts3.6 fetched in 93ms
203 http fetch GET 304 https://registry.npmjs.org/@types%2frequest 87ms (from cache)
204 silly pacote tag manifest for @types/request@ts3.6 fetched in 90ms
205 http fetch GET 304 https://registry.npmjs.org/@types%2fresponselike 94ms (from cache)
206 silly pacote tag manifest for @types/responselike@ts3.6 fetched in 95ms
207 http fetch GET 200 https://registry.npmjs.org/@types%2fsend 3ms (from cache)
208 silly pacote tag manifest for @types/send@ts3.6 fetched in 4ms
209 http fetch GET 304 https://registry.npmjs.org/@types%2fsafer-buffer 86ms (from cache)
210 silly pacote tag manifest for @types/safer-buffer@ts3.6 fetched in 87ms
211 http fetch GET 304 https://registry.npmjs.org/@types%2fsemver 69ms (from cache)
212 silly pacote tag manifest for @types/semver@ts3.6 fetched in 70ms
213 http fetch GET 304 https://registry.npmjs.org/@types%2fsax 89ms (from cache)
214 silly pacote tag manifest for @types/sax@ts3.6 fetched in 90ms
215 http fetch GET 304 https://registry.npmjs.org/@types%2fserve-static 65ms (from cache)
216 silly pacote tag manifest for @types/serve-static@ts3.6 fetched in 66ms
217 http fetch GET 304 https://registry.npmjs.org/@types%2fsignal-exit 74ms (from cache)
218 silly pacote tag manifest for @types/signal-exit@ts3.6 fetched in 76ms
219 http fetch GET 304 https://registry.npmjs.org/@types%2fstatuses 66ms (from cache)
220 silly pacote tag manifest for @types/statuses@ts3.6 fetched in 68ms
221 http fetch GET 304 https://registry.npmjs.org/@types%2ftar 58ms (from cache)
222 silly pacote tag manifest for @types/tar@ts3.6 fetched in 59ms
223 http fetch GET 200 https://registry.npmjs.org/@types%2ffs-minipass 2242ms
224 silly fetchPackageMetaData error for @types/fs-minipass@ts3.6 No matching version found for @types/fs-minipass@ts3.6.
225 http fetch GET 200 https://registry.npmjs.org/@types%2fto-regex-range 59ms
226 silly fetchPackageMetaData error for @types/to-regex-range@ts3.6 No matching version found for @types/to-regex-range@ts3.6.
227 http fetch GET 200 https://registry.npmjs.org/@types%2ftouch 6ms (from cache)
228 silly pacote tag manifest for @types/touch@ts3.6 fetched in 8ms
229 http fetch GET 200 https://registry.npmjs.org/@types%2ftough-cookie 3ms (from cache)
230 silly pacote tag manifest for @types/tough-cookie@ts3.6 fetched in 5ms
231 http fetch GET 200 https://registry.npmjs.org/@types%2ftoidentifier 105ms
232 silly fetchPackageMetaData error for @types/toidentifier@ts3.6 No matching version found for @types/toidentifier@ts3.6.
233 http fetch GET 304 https://registry.npmjs.org/@types%2ftype-is 63ms (from cache)
234 silly pacote tag manifest for @types/type-is@ts3.6 fetched in 64ms
235 http fetch GET 200 https://registry.npmjs.org/@types%2fupdate-notifier 2ms (from cache)
236 silly pacote tag manifest for @types/update-notifier@ts3.6 fetched in 3ms
237 http fetch GET 200 https://registry.npmjs.org/@types%2ftypedarray-to-buffer 61ms
238 silly fetchPackageMetaData error for @types/typedarray-to-buffer@ts3.6 No matching version found for @types/typedarray-to-buffer@ts3.6.
239 http fetch GET 200 https://registry.npmjs.org/@types%2furl-parse-lax 64ms
240 silly fetchPackageMetaData error for @types/url-parse-lax@ts3.6 No matching version found for @types/url-parse-lax@ts3.6.
241 http fetch GET 304 https://registry.npmjs.org/@types%2futil-deprecate 72ms (from cache)
242 silly pacote tag manifest for @types/util-deprecate@ts3.6 fetched in 74ms
243 http fetch GET 304 https://registry.npmjs.org/@types%2fuuid 78ms (from cache)
244 silly pacote tag manifest for @types/uuid@ts3.6 fetched in 79ms
245 http fetch GET 200 https://registry.npmjs.org/@types%2fvary 3ms (from cache)
246 silly pacote tag manifest for @types/vary@ts3.6 fetched in 4ms
247 http fetch GET 304 https://registry.npmjs.org/@types%2fverror 74ms (from cache)
248 silly pacote tag manifest for @types/verror@ts3.6 fetched in 78ms
249 http fetch GET 304 https://registry.npmjs.org/@types%2fwhich 67ms (from cache)
250 silly pacote tag manifest for @types/which@ts3.6 fetched in 68ms
251 http fetch GET 200 https://registry.npmjs.org/@types%2fwrite-file-atomic 3ms (from cache)
252 silly pacote tag manifest for @types/write-file-atomic@ts3.6 fetched in 5ms
253 http fetch GET 304 https://registry.npmjs.org/@types%2fini 2114ms (from cache)
254 silly pacote tag manifest for @types/ini@ts3.6 fetched in 2115ms
255 http fetch GET 304 https://registry.npmjs.org/@types%2fnode 105ms (from cache)
256 silly pacote tag manifest for @types/node@ts3.6 fetched in 119ms
257 http fetch GET 304 https://registry.npmjs.org/@types%2fnegotiator 1411ms (from cache)
258 silly pacote tag manifest for @types/negotiator@ts3.6 fetched in 1413ms
259 http fetch GET 304 https://registry.npmjs.org/@types%2fsshpk 1283ms (from cache)
260 silly pacote tag manifest for @types/sshpk@ts3.6 fetched in 1284ms
261 http fetch GET 304 https://registry.npmjs.org/@types%2fjson-buffer 2197ms (from cache)
262 silly pacote tag manifest for @types/json-buffer@ts3.6 fetched in 2199ms
263 http fetch GET 200 https://registry.npmjs.org/@types%2fset-blocking 1414ms
264 silly fetchPackageMetaData error for @types/set-blocking@ts3.6 No matching version found for @types/set-blocking@ts3.6.
265 http fetch GET 304 https://registry.npmjs.org/@types%2futils-merge 1048ms (from cache)
266 silly pacote tag manifest for @types/utils-merge@ts3.6 fetched in 1050ms
267 http fetch GET 304 https://registry.npmjs.org/@types%2fsupports-color 1414ms (from cache)
268 silly pacote tag manifest for @types/supports-color@ts3.6 fetched in 1416ms
269 http fetch GET 304 https://registry.npmjs.org/@types%2fminizlib 2150ms (from cache)
270 silly pacote tag manifest for @types/minizlib@ts3.6 fetched in 2151ms
271 http fetch GET 304 https://registry.npmjs.org/@types%2fpunycode 2262ms (from cache)
272 silly pacote tag manifest for @types/punycode@ts3.6 fetched in 2263ms
273 http fetch GET 304 https://registry.npmjs.org/@types%2fyallist 2201ms (from cache)
274 silly pacote tag manifest for @types/yallist@ts3.6 fetched in 2203ms
275 timing stage:rollbackFailedOptional Completed in 1ms
276 timing stage:runTopLevelLifecycles Completed in 6125ms
277 verbose type tag
278 verbose stack @types/delegates: No matching version found for @types/delegates@ts3.6.
278 verbose stack     at pickManifest (/usr/local/lib/node_modules/npm/node_modules/npm-pick-manifest/index.js:122:13)
278 verbose stack     at /usr/local/lib/node_modules/npm/node_modules/pacote/lib/fetchers/registry/manifest.js:24:14
278 verbose stack     at tryCatcher (/usr/local/lib/node_modules/npm/node_modules/bluebird/js/release/util.js:16:23)
278 verbose stack     at Promise._settlePromiseFromHandler (/usr/local/lib/node_modules/npm/node_modules/bluebird/js/release/promise.js:517:31)
278 verbose stack     at Promise._settlePromise (/usr/local/lib/node_modules/npm/node_modules/bluebird/js/release/promise.js:574:18)
278 verbose stack     at Promise._settlePromise0 (/usr/local/lib/node_modules/npm/node_modules/bluebird/js/release/promise.js:619:10)
278 verbose stack     at Promise._settlePromises (/usr/local/lib/node_modules/npm/node_modules/bluebird/js/release/promise.js:699:18)
278 verbose stack     at _drainQueueStep (/usr/local/lib/node_modules/npm/node_modules/bluebird/js/release/async.js:138:12)
278 verbose stack     at _drainQueue (/usr/local/lib/node_modules/npm/node_modules/bluebird/js/release/async.js:131:9)
278 verbose stack     at Async._drainQueues (/usr/local/lib/node_modules/npm/node_modules/bluebird/js/release/async.js:147:5)
278 verbose stack     at Immediate.Async.drainQueues [as _onImmediate] (/usr/local/lib/node_modules/npm/node_modules/bluebird/js/release/async.js:17:14)
278 verbose stack     at processImmediate (internal/timers.js:456:21)
279 verbose cwd /home/theia/.cache/typescript/3.6
280 verbose Linux 5.15.90.1-microsoft-standard-WSL2
281 verbose argv "/usr/local/bin/node" "/usr/local/bin/npm" "install" "--ignore-scripts" "@types/express@ts3.6" "@types/nodemon@ts3.6" "@types/sqlite3@ts3.6" "@types/abbrev@ts3.6" "@types/accepts@ts3.6" "@types/ansi-align@ts3.6" "@types/are-we-there-yet@ts3.6" "@types/asn1@ts3.6" "@types/assert-plus@ts3.6" "@types/aws4@ts3.6" "@types/balanced-match@ts3.6" "@types/body-parser@ts3.6" "@types/brace-expansion@ts3.6" "@types/braces@ts3.6" "@types/bytes@ts3.6" "@types/caseless@ts3.6" "@types/chownr@ts3.6" "@types/color-convert@ts3.6" "@types/color-name@ts3.6" "@types/combined-stream@ts3.6" "@types/concat-map@ts3.6" "@types/configstore@ts3.6" "@types/content-disposition@ts3.6" "@types/content-type@ts3.6" "@types/cookie@ts3.6" "@types/cookie-signature@ts3.6" "@types/dashdash@ts3.6" "@types/debug@ts3.6" "@types/deep-extend@ts3.6" "@types/delegates@ts3.6" "@types/depd@ts3.6" "@types/destroy@ts3.6" "@types/detect-libc@ts3.6" "@types/duplexer3@ts3.6" "@types/ee-first@ts3.6" "@types/encodeurl@ts3.6" "@types/end-of-stream@ts3.6" "@types/escape-html@ts3.6" "@types/etag@ts3.6" "@types/extend@ts3.6" "@types/extsprintf@ts3.6" "@types/fill-range@ts3.6" "@types/finalhandler@ts3.6" "@types/forever-agent@ts3.6" "@types/forwarded@ts3.6" "@types/fresh@ts3.6" "@types/fs-minipass@ts3.6" "@types/gauge@ts3.6" "@types/getpass@ts3.6" "@types/glob-parent@ts3.6" "@types/graceful-fs@ts3.6" "@types/http-cache-semantics@ts3.6" "@types/http-errors@ts3.6" "@types/http-signature@ts3.6" "@types/ignore-walk@ts3.6" "@types/imurmurhash@ts3.6" "@types/inherits@ts3.6" "@types/ini@ts3.6" "@types/is-ci@ts3.6" "@types/is-glob@ts3.6" "@types/is-number@ts3.6" "@types/is-typedarray@ts3.6" "@types/isarray@ts3.6" "@types/isexe@ts3.6" "@types/isstream@ts3.6" "@types/jsbn@ts3.6" "@types/json-buffer@ts3.6" "@types/json-schema@ts3.6" "@types/json-stringify-safe@ts3.6" "@types/jsprim@ts3.6" "@types/media-typer@ts3.6" "@types/merge-descriptors@ts3.6" "@types/methods@ts3.6" "@types/mime@ts3.6" "@types/mime-db@ts3.6" "@types/mime-types@ts3.6" "@types/minimist@ts3.6" "@types/minizlib@ts3.6" "@types/ms@ts3.6" "@types/needle@ts3.6" "@types/negotiator@ts3.6" "@types/nopt@ts3.6" "@types/normalize-path@ts3.6" "@types/npm-packlist@ts3.6" "@types/npmlog@ts3.6" "@types/number-is-nan@ts3.6" "@types/object-assign@ts3.6" "@types/on-finished@ts3.6" "@types/once@ts3.6" "@types/os-homedir@ts3.6" "@types/os-tmpdir@ts3.6" "@types/osenv@ts3.6" "@types/parseurl@ts3.6" "@types/path-is-absolute@ts3.6" "@types/picomatch@ts3.6" "@types/proxy-addr@ts3.6" "@types/psl@ts3.6" "@types/pump@ts3.6" "@types/punycode@ts3.6" "@types/qs@ts3.6" "@types/range-parser@ts3.6" "@types/rc@ts3.6" "@types/readable-stream@ts3.6" "@types/registry-auth-token@ts3.6" "@types/request@ts3.6" "@types/responselike@ts3.6" "@types/safer-buffer@ts3.6" "@types/sax@ts3.6" "@types/semver@ts3.6" "@types/send@ts3.6" "@types/serve-static@ts3.6" "@types/set-blocking@ts3.6" "@types/signal-exit@ts3.6" "@types/sshpk@ts3.6" "@types/statuses@ts3.6" "@types/supports-color@ts3.6" "@types/tar@ts3.6" "@types/to-regex-range@ts3.6" "@types/toidentifier@ts3.6" "@types/touch@ts3.6" "@types/tough-cookie@ts3.6" "@types/type-is@ts3.6" "@types/typedarray-to-buffer@ts3.6" "@types/update-notifier@ts3.6" "@types/url-parse-lax@ts3.6" "@types/util-deprecate@ts3.6" "@types/utils-merge@ts3.6" "@types/uuid@ts3.6" "@types/vary@ts3.6" "@types/verror@ts3.6" "@types/which@ts3.6" "@types/write-file-atomic@ts3.6" "@types/yallist@ts3.6" "@types/node@ts3.6" "--save-dev" "--user-agent=typesInstaller/3.6.3"
282 verbose node v12.18.3
283 verbose npm  v6.14.6
284 error code ETARGET
285 error notarget No matching version found for @types/delegates@ts3.6.
286 error notarget In most cases you or one of your dependencies are requesting
286 error notarget a package version that doesn't exist.
287 verbose exit [ 1, true ]
