0 info it worked if it ends with ok
1 verbose cli [
1 verbose cli   '/usr/local/bin/node',
1 verbose cli   '/usr/local/bin/npm',
1 verbose cli   'install',
1 verbose cli   '--ignore-scripts',
1 verbose cli   '@types/bcrypt@ts3.6',
1 verbose cli   '@types/express@ts3.6',
1 verbose cli   '@types/nodemon@ts3.6',
1 verbose cli   '@types/sqlite3@ts3.6',
1 verbose cli   '@types/abbrev@ts3.6',
1 verbose cli   '@types/accepts@ts3.6',
1 verbose cli   '@types/ansi-align@ts3.6',
1 verbose cli   '@types/are-we-there-yet@ts3.6',
1 verbose cli   '@types/asn1@ts3.6',
1 verbose cli   '@types/assert-plus@ts3.6',
1 verbose cli   '@types/aws4@ts3.6',
1 verbose cli   '@types/balanced-match@ts3.6',
1 verbose cli   '@types/body-parser@ts3.6',
1 verbose cli   '@types/brace-expansion@ts3.6',
1 verbose cli   '@types/braces@ts3.6',
1 verbose cli   '@types/bytes@ts3.6',
1 verbose cli   '@types/caseless@ts3.6',
1 verbose cli   '@types/chownr@ts3.6',
1 verbose cli   '@types/color-convert@ts3.6',
1 verbose cli   '@types/color-name@ts3.6',
1 verbose cli   '@types/color-support@ts3.6',
1 verbose cli   '@types/combined-stream@ts3.6',
1 verbose cli   '@types/concat-map@ts3.6',
1 verbose cli   '@types/configstore@ts3.6',
1 verbose cli   '@types/content-disposition@ts3.6',
1 verbose cli   '@types/content-type@ts3.6',
1 verbose cli   '@types/cookie@ts3.6',
1 verbose cli   '@types/cookie-signature@ts3.6',
1 verbose cli   '@types/dashdash@ts3.6',
1 verbose cli   '@types/debug@ts3.6',
1 verbose cli   '@types/deep-extend@ts3.6',
1 verbose cli   '@types/delegates@ts3.6',
1 verbose cli   '@types/depd@ts3.6',
1 verbose cli   '@types/destroy@ts3.6',
1 verbose cli   '@types/detect-libc@ts3.6',
1 verbose cli   '@types/duplexer3@ts3.6',
1 verbose cli   '@types/ee-first@ts3.6',
1 verbose cli   '@types/encodeurl@ts3.6',
1 verbose cli   '@types/end-of-stream@ts3.6',
1 verbose cli   '@types/escape-html@ts3.6',
1 verbose cli   '@types/etag@ts3.6',
1 verbose cli   '@types/extend@ts3.6',
1 verbose cli   '@types/extsprintf@ts3.6',
1 verbose cli   '@types/fill-range@ts3.6',
1 verbose cli   '@types/finalhandler@ts3.6',
1 verbose cli   '@types/forever-agent@ts3.6',
1 verbose cli   '@types/forwarded@ts3.6',
1 verbose cli   '@types/fresh@ts3.6',
1 verbose cli   '@types/fs-minipass@ts3.6',
1 verbose cli   '@types/gauge@ts3.6',
1 verbose cli   '@types/getpass@ts3.6',
1 verbose cli   '@types/glob-parent@ts3.6',
1 verbose cli   '@types/graceful-fs@ts3.6',
1 verbose cli   '@types/http-cache-semantics@ts3.6',
1 verbose cli   '@types/http-errors@ts3.6',
1 verbose cli   '@types/http-signature@ts3.6',
1 verbose cli   '@types/ignore-walk@ts3.6',
1 verbose cli   '@types/imurmurhash@ts3.6',
1 verbose cli   '@types/inherits@ts3.6',
1 verbose cli   '@types/ini@ts3.6',
1 verbose cli   '@types/is-ci@ts3.6',
1 verbose cli   '@types/is-glob@ts3.6',
1 verbose cli   '@types/is-number@ts3.6',
1 verbose cli   '@types/is-typedarray@ts3.6',
1 verbose cli   '@types/isarray@ts3.6',
1 verbose cli   '@types/isexe@ts3.6',
1 verbose cli   '@types/isstream@ts3.6',
1 verbose cli   '@types/jsbn@ts3.6',
1 verbose cli   '@types/json-buffer@ts3.6',
1 verbose cli   '@types/json-schema@ts3.6',
1 verbose cli   '@types/json-stringify-safe@ts3.6',
1 verbose cli   '@types/jsprim@ts3.6',
1 verbose cli   '@types/media-typer@ts3.6',
1 verbose cli   '@types/merge-descriptors@ts3.6',
1 verbose cli   '@types/methods@ts3.6',
1 verbose cli   '@types/mime@ts3.6',
1 verbose cli   '@types/mime-db@ts3.6',
1 verbose cli   '@types/mime-types@ts3.6',
1 verbose cli   '@types/minimist@ts3.6',
1 verbose cli   '@types/minizlib@ts3.6',
1 verbose cli   '@types/ms@ts3.6',
1 verbose cli   '@types/needle@ts3.6',
1 verbose cli   '@types/negotiator@ts3.6',
1 verbose cli   '@types/node-fetch@ts3.6',
1 verbose cli   '@types/nopt@ts3.6',
1 verbose cli   '@types/normalize-path@ts3.6',
1 verbose cli   '@types/npm-packlist@ts3.6',
1 verbose cli   '@types/npmlog@ts3.6',
1 verbose cli   '@types/number-is-nan@ts3.6',
1 verbose cli   '@types/object-assign@ts3.6',
1 verbose cli   '@types/on-finished@ts3.6',
1 verbose cli   '@types/once@ts3.6',
1 verbose cli   '@types/os-homedir@ts3.6',
1 verbose cli   '@types/os-tmpdir@ts3.6',
1 verbose cli   '@types/osenv@ts3.6',
1 verbose cli   '@types/parseurl@ts3.6',
1 verbose cli   ... 46 more items
1 verbose cli ]
2 info using npm@6.14.6
3 info using node@v12.18.3
4 verbose npm-session cbfe470d4307fa80
5 silly install loadCurrentTree
6 silly install readLocalPackageData
7 http fetch GET 200 https://registry.npmjs.org/@types%2fbcrypt 247ms
8 http fetch GET 304 https://registry.npmjs.org/@types%2fasn1 249ms (from cache)
9 http fetch GET 304 https://registry.npmjs.org/@types%2fexpress 257ms (from cache)
10 http fetch GET 304 https://registry.npmjs.org/@types%2fnodemon 256ms (from cache)
11 http fetch GET 304 https://registry.npmjs.org/@types%2fsqlite3 257ms (from cache)
12 silly pacote tag manifest for @types/asn1@ts3.6 fetched in 255ms
13 http fetch GET 304 https://registry.npmjs.org/@types%2fassert-plus 255ms (from cache)
14 http fetch GET 304 https://registry.npmjs.org/@types%2fare-we-there-yet 258ms (from cache)
15 silly pacote tag manifest for @types/express@ts3.6 fetched in 262ms
16 silly pacote tag manifest for @types/nodemon@ts3.6 fetched in 263ms
17 silly pacote tag manifest for @types/sqlite3@ts3.6 fetched in 268ms
18 http fetch GET 304 https://registry.npmjs.org/@types%2faccepts 267ms (from cache)
19 silly pacote tag manifest for @types/assert-plus@ts3.6 fetched in 263ms
20 silly pacote tag manifest for @types/are-we-there-yet@ts3.6 fetched in 268ms
21 silly pacote tag manifest for @types/accepts@ts3.6 fetched in 275ms
22 http fetch GET 304 https://registry.npmjs.org/@types%2faws4 84ms (from cache)
23 silly pacote tag manifest for @types/aws4@ts3.6 fetched in 87ms
24 http fetch GET 304 https://registry.npmjs.org/@types%2fbalanced-match 94ms (from cache)
25 silly pacote tag manifest for @types/balanced-match@ts3.6 fetched in 96ms
26 http fetch GET 304 https://registry.npmjs.org/@types%2fbody-parser 96ms (from cache)
27 silly pacote tag manifest for @types/body-parser@ts3.6 fetched in 99ms
28 http fetch GET 304 https://registry.npmjs.org/@types%2fcolor-name 66ms (from cache)
29 http fetch GET 304 https://registry.npmjs.org/@types%2fchownr 82ms (from cache)
30 silly pacote tag manifest for @types/color-name@ts3.6 fetched in 69ms
31 silly pacote tag manifest for @types/chownr@ts3.6 fetched in 85ms
32 http fetch GET 304 https://registry.npmjs.org/@types%2fcolor-convert 87ms (from cache)
33 silly pacote tag manifest for @types/color-convert@ts3.6 fetched in 89ms
34 http fetch GET 304 https://registry.npmjs.org/@types%2fcombined-stream 74ms (from cache)
35 silly pacote tag manifest for @types/combined-stream@ts3.6 fetched in 76ms
36 http fetch GET 200 https://registry.npmjs.org/@types%2fcolor-support 96ms
37 http fetch GET 304 https://registry.npmjs.org/@types%2fconcat-map 87ms (from cache)
38 silly pacote tag manifest for @types/concat-map@ts3.6 fetched in 89ms
39 http fetch GET 304 https://registry.npmjs.org/@types%2fcontent-disposition 64ms (from cache)
40 silly pacote tag manifest for @types/content-disposition@ts3.6 fetched in 65ms
41 http fetch GET 304 https://registry.npmjs.org/@types%2fcontent-type 86ms (from cache)
42 silly pacote tag manifest for @types/content-type@ts3.6 fetched in 87ms
43 http fetch GET 304 https://registry.npmjs.org/@types%2fcookie 65ms (from cache)
44 silly pacote tag manifest for @types/cookie@ts3.6 fetched in 66ms
45 http fetch GET 304 https://registry.npmjs.org/@types%2fcookie-signature 68ms (from cache)
46 silly pacote tag manifest for @types/cookie-signature@ts3.6 fetched in 70ms
47 http fetch GET 304 https://registry.npmjs.org/@types%2fdashdash 84ms (from cache)
48 silly pacote tag manifest for @types/dashdash@ts3.6 fetched in 86ms
49 http fetch GET 304 https://registry.npmjs.org/@types%2fdebug 89ms (from cache)
50 silly pacote tag manifest for @types/debug@ts3.6 fetched in 91ms
51 http fetch GET 304 https://registry.npmjs.org/@types%2fbytes 1242ms (from cache)
52 silly pacote tag manifest for @types/bytes@ts3.6 fetched in 1246ms
53 http fetch GET 304 https://registry.npmjs.org/@types%2fdelegates 77ms (from cache)
54 silly registry:manifest no matching version for @types/delegates@ts3.6 in the cache. Forcing revalidation.
55 http fetch GET 304 https://registry.npmjs.org/@types%2fdeep-extend 656ms (from cache)
56 silly pacote tag manifest for @types/deep-extend@ts3.6 fetched in 658ms
57 http fetch GET 304 https://registry.npmjs.org/@types%2fansi-align 1735ms (from cache)
58 silly registry:manifest no matching version for @types/ansi-align@ts3.6 in the cache. Forcing revalidation.
59 http fetch GET 304 https://registry.npmjs.org/@types%2fbraces 1482ms (from cache)
60 silly pacote tag manifest for @types/braces@ts3.6 fetched in 1483ms
61 http fetch GET 304 https://registry.npmjs.org/@types%2fdepd 101ms (from cache)
62 silly pacote tag manifest for @types/depd@ts3.6 fetched in 102ms
63 http fetch GET 304 https://registry.npmjs.org/@types%2fdetect-libc 91ms (from cache)
64 silly pacote tag manifest for @types/detect-libc@ts3.6 fetched in 92ms
65 http fetch GET 304 https://registry.npmjs.org/@types%2fbrace-expansion 1614ms (from cache)
66 silly pacote tag manifest for @types/brace-expansion@ts3.6 fetched in 1616ms
67 http fetch GET 200 https://registry.npmjs.org/@types/color-support/-/color-support-1.1.1.tgz 1357ms
68 silly pacote tag manifest for @types/color-support@ts3.6 fetched in 1461ms
69 http fetch GET 304 https://registry.npmjs.org/@types%2fabbrev 1930ms (from cache)
70 silly pacote tag manifest for @types/abbrev@ts3.6 fetched in 1931ms
71 http fetch GET 304 https://registry.npmjs.org/@types%2fencodeurl 79ms (from cache)
72 silly pacote tag manifest for @types/encodeurl@ts3.6 fetched in 81ms
73 http fetch GET 304 https://registry.npmjs.org/@types%2fend-of-stream 71ms (from cache)
74 silly pacote tag manifest for @types/end-of-stream@ts3.6 fetched in 74ms
75 http fetch GET 304 https://registry.npmjs.org/@types%2fescape-html 80ms (from cache)
76 silly pacote tag manifest for @types/escape-html@ts3.6 fetched in 81ms
77 http fetch GET 304 https://registry.npmjs.org/@types%2fetag 83ms (from cache)
78 silly pacote tag manifest for @types/etag@ts3.6 fetched in 85ms
79 http fetch GET 304 https://registry.npmjs.org/@types%2fextend 72ms (from cache)
80 silly pacote tag manifest for @types/extend@ts3.6 fetched in 74ms
81 http fetch GET 304 https://registry.npmjs.org/@types%2fdestroy 398ms (from cache)
82 silly pacote tag manifest for @types/destroy@ts3.6 fetched in 399ms
83 http fetch GET 304 https://registry.npmjs.org/@types%2ffill-range 78ms (from cache)
84 silly registry:manifest no matching version for @types/fill-range@ts3.6 in the cache. Forcing revalidation.
85 http fetch GET 304 https://registry.npmjs.org/@types%2ffinalhandler 76ms (from cache)
86 silly pacote tag manifest for @types/finalhandler@ts3.6 fetched in 78ms
87 http fetch GET 200 https://registry.npmjs.org/@types%2ffill-range 79ms
88 silly fetchPackageMetaData error for @types/fill-range@ts3.6 No matching version found for @types/fill-range@ts3.6.
89 http fetch GET 304 https://registry.npmjs.org/@types%2fforever-agent 73ms (from cache)
90 silly pacote tag manifest for @types/forever-agent@ts3.6 fetched in 75ms
91 http fetch GET 304 https://registry.npmjs.org/@types%2fforwarded 68ms (from cache)
92 silly pacote tag manifest for @types/forwarded@ts3.6 fetched in 69ms
93 http fetch GET 304 https://registry.npmjs.org/@types%2ffs-minipass 65ms (from cache)
94 silly registry:manifest no matching version for @types/fs-minipass@ts3.6 in the cache. Forcing revalidation.
95 http fetch GET 200 https://registry.npmjs.org/@types%2ffs-minipass 67ms
96 silly fetchPackageMetaData error for @types/fs-minipass@ts3.6 No matching version found for @types/fs-minipass@ts3.6.
97 http fetch GET 200 https://registry.npmjs.org/@types/bcrypt/-/bcrypt-5.0.0.tgz 2257ms
98 silly pacote tag manifest for @types/bcrypt@ts3.6 fetched in 2514ms
99 http fetch GET 304 https://registry.npmjs.org/@types%2fcaseless 2239ms (from cache)
100 silly pacote tag manifest for @types/caseless@ts3.6 fetched in 2240ms
101 http fetch GET 304 https://registry.npmjs.org/@types%2fgauge 67ms (from cache)
102 silly registry:manifest no matching version for @types/gauge@ts3.6 in the cache. Forcing revalidation.
103 http fetch GET 304 https://registry.npmjs.org/@types%2fextsprintf 679ms (from cache)
104 silly pacote tag manifest for @types/extsprintf@ts3.6 fetched in 680ms
105 http fetch GET 304 https://registry.npmjs.org/@types%2fconfigstore 2272ms (from cache)
106 silly pacote tag manifest for @types/configstore@ts3.6 fetched in 2273ms
107 http fetch GET 304 https://registry.npmjs.org/@types%2fhttp-cache-semantics 79ms (from cache)
108 silly pacote tag manifest for @types/http-cache-semantics@ts3.6 fetched in 80ms
109 http fetch GET 304 https://registry.npmjs.org/@types%2fgraceful-fs 99ms (from cache)
110 silly pacote tag manifest for @types/graceful-fs@ts3.6 fetched in 100ms
111 http fetch GET 304 https://registry.npmjs.org/@types%2fhttp-errors 61ms (from cache)
112 silly pacote tag manifest for @types/http-errors@ts3.6 fetched in 62ms
113 http fetch GET 304 https://registry.npmjs.org/@types%2fglob-parent 664ms (from cache)
114 silly pacote tag manifest for @types/glob-parent@ts3.6 fetched in 665ms
115 http fetch GET 304 https://registry.npmjs.org/@types%2fduplexer3 1360ms (from cache)
116 silly pacote tag manifest for @types/duplexer3@ts3.6 fetched in 1362ms
117 http fetch GET 304 https://registry.npmjs.org/@types%2fimurmurhash 61ms (from cache)
118 silly pacote tag manifest for @types/imurmurhash@ts3.6 fetched in 63ms
119 http fetch GET 200 https://registry.npmjs.org/@types%2fdelegates 1669ms
120 silly fetchPackageMetaData error for @types/delegates@ts3.6 No matching version found for @types/delegates@ts3.6.
121 http fetch GET 304 https://registry.npmjs.org/@types%2finherits 70ms (from cache)
122 silly pacote tag manifest for @types/inherits@ts3.6 fetched in 71ms
123 http fetch GET 304 https://registry.npmjs.org/@types%2fini 58ms (from cache)
124 silly pacote tag manifest for @types/ini@ts3.6 fetched in 59ms
125 http fetch GET 304 https://registry.npmjs.org/@types%2fis-ci 74ms (from cache)
126 silly pacote tag manifest for @types/is-ci@ts3.6 fetched in 76ms
127 http fetch GET 304 https://registry.npmjs.org/@types%2fis-glob 72ms (from cache)
128 silly pacote tag manifest for @types/is-glob@ts3.6 fetched in 73ms
129 http fetch GET 304 https://registry.npmjs.org/@types%2fis-number 59ms (from cache)
130 silly pacote tag manifest for @types/is-number@ts3.6 fetched in 61ms
131 http fetch GET 304 https://registry.npmjs.org/@types%2ffresh 1110ms (from cache)
132 silly pacote tag manifest for @types/fresh@ts3.6 fetched in 1111ms
133 http fetch GET 304 https://registry.npmjs.org/@types%2fis-typedarray 83ms (from cache)
134 silly pacote tag manifest for @types/is-typedarray@ts3.6 fetched in 85ms
135 http fetch GET 304 https://registry.npmjs.org/@types%2fisarray 69ms (from cache)
136 silly pacote tag manifest for @types/isarray@ts3.6 fetched in 70ms
137 http fetch GET 304 https://registry.npmjs.org/@types%2fisexe 66ms (from cache)
138 silly pacote tag manifest for @types/isexe@ts3.6 fetched in 67ms
139 http fetch GET 304 https://registry.npmjs.org/@types%2fjsbn 67ms (from cache)
140 silly pacote tag manifest for @types/jsbn@ts3.6 fetched in 69ms
141 http fetch GET 304 https://registry.npmjs.org/@types%2fjson-schema 67ms (from cache)
142 silly pacote tag manifest for @types/json-schema@ts3.6 fetched in 68ms
143 http fetch GET 304 https://registry.npmjs.org/@types%2fjson-buffer 90ms (from cache)
144 silly pacote tag manifest for @types/json-buffer@ts3.6 fetched in 92ms
145 http fetch GET 304 https://registry.npmjs.org/@types%2fjson-stringify-safe 70ms (from cache)
146 silly pacote tag manifest for @types/json-stringify-safe@ts3.6 fetched in 71ms
147 http fetch GET 304 https://registry.npmjs.org/@types%2fjsprim 63ms (from cache)
148 silly registry:manifest no matching version for @types/jsprim@ts3.6 in the cache. Forcing revalidation.
149 http fetch GET 304 https://registry.npmjs.org/@types%2fmedia-typer 78ms (from cache)
150 silly pacote tag manifest for @types/media-typer@ts3.6 fetched in 82ms
151 http fetch GET 304 https://registry.npmjs.org/@types%2fee-first 1740ms (from cache)
152 http fetch GET 304 https://registry.npmjs.org/@types%2fmerge-descriptors 60ms (from cache)
153 silly pacote tag manifest for @types/ee-first@ts3.6 fetched in 1741ms
154 silly pacote tag manifest for @types/merge-descriptors@ts3.6 fetched in 61ms
155 http fetch GET 304 https://registry.npmjs.org/@types%2fmime-db 73ms (from cache)
156 silly pacote tag manifest for @types/mime-db@ts3.6 fetched in 74ms
157 http fetch GET 304 https://registry.npmjs.org/@types%2fmime 120ms (from cache)
158 silly pacote tag manifest for @types/mime@ts3.6 fetched in 122ms
159 http fetch GET 304 https://registry.npmjs.org/@types%2fmime-types 78ms (from cache)
160 silly pacote tag manifest for @types/mime-types@ts3.6 fetched in 80ms
161 http fetch GET 304 https://registry.npmjs.org/@types%2fminimist 71ms (from cache)
162 silly pacote tag manifest for @types/minimist@ts3.6 fetched in 72ms
163 http fetch GET 304 https://registry.npmjs.org/@types%2fminizlib 78ms (from cache)
164 silly pacote tag manifest for @types/minizlib@ts3.6 fetched in 79ms
165 http fetch GET 304 https://registry.npmjs.org/@types%2fms 74ms (from cache)
166 silly pacote tag manifest for @types/ms@ts3.6 fetched in 76ms
167 http fetch GET 304 https://registry.npmjs.org/@types%2fneedle 69ms (from cache)
168 silly pacote tag manifest for @types/needle@ts3.6 fetched in 71ms
169 http fetch GET 304 https://registry.npmjs.org/@types%2fnegotiator 64ms (from cache)
170 silly pacote tag manifest for @types/negotiator@ts3.6 fetched in 65ms
171 http fetch GET 200 https://registry.npmjs.org/@types%2fnode-fetch 69ms
172 http fetch GET 200 https://registry.npmjs.org/@types%2fansi-align 2292ms
173 silly fetchPackageMetaData error for @types/ansi-align@ts3.6 No matching version found for @types/ansi-align@ts3.6.
174 http fetch GET 304 https://registry.npmjs.org/@types%2fnormalize-path 88ms (from cache)
175 silly pacote tag manifest for @types/normalize-path@ts3.6 fetched in 90ms
176 http fetch GET 200 https://registry.npmjs.org/@types/node-fetch/-/node-fetch-2.5.12.tgz 184ms
177 silly pacote tag manifest for @types/node-fetch@ts3.6 fetched in 258ms
178 http fetch GET 304 https://registry.npmjs.org/@types%2fmethods 656ms (from cache)
179 http fetch GET 304 https://registry.npmjs.org/@types%2fnpmlog 72ms (from cache)
180 silly pacote tag manifest for @types/methods@ts3.6 fetched in 658ms
181 silly pacote tag manifest for @types/npmlog@ts3.6 fetched in 75ms
182 http fetch GET 304 https://registry.npmjs.org/@types%2fobject-assign 73ms (from cache)
183 silly pacote tag manifest for @types/object-assign@ts3.6 fetched in 74ms
184 http fetch GET 304 https://registry.npmjs.org/@types%2fhttp-signature 1516ms (from cache)
185 silly registry:manifest no matching version for @types/http-signature@ts3.6 in the cache. Forcing revalidation.
186 http fetch GET 304 https://registry.npmjs.org/@types%2fon-finished 76ms (from cache)
187 silly pacote tag manifest for @types/on-finished@ts3.6 fetched in 77ms
188 http fetch GET 200 https://registry.npmjs.org/@types%2fhttp-signature 81ms
189 silly fetchPackageMetaData error for @types/http-signature@ts3.6 No matching version found for @types/http-signature@ts3.6.
190 http fetch GET 304 https://registry.npmjs.org/@types%2fnpm-packlist 695ms (from cache)
191 silly pacote tag manifest for @types/npm-packlist@ts3.6 fetched in 697ms
192 http fetch GET 200 https://registry.npmjs.org/@types%2fgauge 2293ms
193 silly fetchPackageMetaData error for @types/gauge@ts3.6 No matching version found for @types/gauge@ts3.6.
194 http fetch GET 304 https://registry.npmjs.org/@types%2fos-tmpdir 77ms (from cache)
195 silly pacote tag manifest for @types/os-tmpdir@ts3.6 fetched in 79ms
196 http fetch GET 304 https://registry.npmjs.org/@types%2fparseurl 73ms (from cache)
197 silly pacote tag manifest for @types/parseurl@ts3.6 fetched in 74ms
198 http fetch GET 304 https://registry.npmjs.org/@types%2fgetpass 2486ms (from cache)
199 silly pacote tag manifest for @types/getpass@ts3.6 fetched in 2488ms
200 http fetch GET 304 https://registry.npmjs.org/@types%2fpath-is-absolute 59ms (from cache)
201 silly pacote tag manifest for @types/path-is-absolute@ts3.6 fetched in 60ms
202 http fetch GET 304 https://registry.npmjs.org/@types%2fpicomatch 75ms (from cache)
203 silly pacote tag manifest for @types/picomatch@ts3.6 fetched in 76ms
204 http fetch GET 304 https://registry.npmjs.org/@types%2fproxy-addr 81ms (from cache)
205 silly pacote tag manifest for @types/proxy-addr@ts3.6 fetched in 82ms
206 http fetch GET 304 https://registry.npmjs.org/@types%2fpump 70ms (from cache)
207 silly pacote tag manifest for @types/pump@ts3.6 fetched in 72ms
208 http fetch GET 304 https://registry.npmjs.org/@types%2fpunycode 66ms (from cache)
209 silly pacote tag manifest for @types/punycode@ts3.6 fetched in 67ms
210 http fetch GET 304 https://registry.npmjs.org/@types%2fignore-walk 2383ms (from cache)
211 silly pacote tag manifest for @types/ignore-walk@ts3.6 fetched in 2386ms
212 http fetch GET 304 https://registry.npmjs.org/@types%2fqs 71ms (from cache)
213 silly pacote tag manifest for @types/qs@ts3.6 fetched in 72ms
214 http fetch GET 304 https://registry.npmjs.org/@types%2frange-parser 71ms (from cache)
215 silly pacote tag manifest for @types/range-parser@ts3.6 fetched in 73ms
216 http fetch GET 304 https://registry.npmjs.org/@types%2frc 83ms (from cache)
217 silly pacote tag manifest for @types/rc@ts3.6 fetched in 84ms
218 http fetch GET 200 https://registry.npmjs.org/@types%2fjsprim 2395ms
219 silly fetchPackageMetaData error for @types/jsprim@ts3.6 No matching version found for @types/jsprim@ts3.6.
220 http fetch GET 304 https://registry.npmjs.org/@types%2frequest 77ms (from cache)
221 silly pacote tag manifest for @types/request@ts3.6 fetched in 78ms
222 http fetch GET 304 https://registry.npmjs.org/@types%2fisstream 2686ms (from cache)
223 silly pacote tag manifest for @types/isstream@ts3.6 fetched in 2687ms
224 http fetch GET 304 https://registry.npmjs.org/@types%2fresponselike 83ms (from cache)
225 silly pacote tag manifest for @types/responselike@ts3.6 fetched in 85ms
226 http fetch GET 304 https://registry.npmjs.org/@types%2fsafer-buffer 80ms (from cache)
227 silly pacote tag manifest for @types/safer-buffer@ts3.6 fetched in 81ms
228 http fetch GET 304 https://registry.npmjs.org/@types%2fsax 69ms (from cache)
229 silly pacote tag manifest for @types/sax@ts3.6 fetched in 70ms
230 http fetch GET 304 https://registry.npmjs.org/@types%2fos-homedir 1748ms (from cache)
231 silly pacote tag manifest for @types/os-homedir@ts3.6 fetched in 1750ms
232 http fetch GET 304 https://registry.npmjs.org/@types%2fsend 60ms (from cache)
233 silly pacote tag manifest for @types/send@ts3.6 fetched in 63ms
234 http fetch GET 304 https://registry.npmjs.org/@types%2fsemver 86ms (from cache)
235 silly pacote tag manifest for @types/semver@ts3.6 fetched in 87ms
236 http fetch GET 304 https://registry.npmjs.org/@types%2fserve-static 83ms (from cache)
237 silly pacote tag manifest for @types/serve-static@ts3.6 fetched in 84ms
238 http fetch GET 304 https://registry.npmjs.org/@types%2fsignal-exit 82ms (from cache)
239 http fetch GET 304 https://registry.npmjs.org/@types%2fnopt 2395ms (from cache)
240 silly pacote tag manifest for @types/signal-exit@ts3.6 fetched in 84ms
241 silly pacote tag manifest for @types/nopt@ts3.6 fetched in 2398ms
242 http fetch GET 304 https://registry.npmjs.org/@types%2fset-blocking 111ms (from cache)
243 silly registry:manifest no matching version for @types/set-blocking@ts3.6 in the cache. Forcing revalidation.
244 http fetch GET 304 https://registry.npmjs.org/@types%2fsshpk 73ms (from cache)
245 silly pacote tag manifest for @types/sshpk@ts3.6 fetched in 75ms
246 http fetch GET 304 https://registry.npmjs.org/@types%2fosenv 1570ms (from cache)
247 silly pacote tag manifest for @types/osenv@ts3.6 fetched in 1572ms
248 http fetch GET 304 https://registry.npmjs.org/@types%2fstatuses 75ms (from cache)
249 silly pacote tag manifest for @types/statuses@ts3.6 fetched in 78ms
250 http fetch GET 200 https://registry.npmjs.org/@types%2fset-blocking 70ms
251 silly fetchPackageMetaData error for @types/set-blocking@ts3.6 No matching version found for @types/set-blocking@ts3.6.
252 http fetch GET 304 https://registry.npmjs.org/@types%2fsupports-color 90ms (from cache)
253 silly pacote tag manifest for @types/supports-color@ts3.6 fetched in 92ms
254 http fetch GET 304 https://registry.npmjs.org/@types%2ftar 73ms (from cache)
255 silly pacote tag manifest for @types/tar@ts3.6 fetched in 74ms
256 http fetch GET 304 https://registry.npmjs.org/@types%2ftoidentifier 70ms (from cache)
257 silly registry:manifest no matching version for @types/toidentifier@ts3.6 in the cache. Forcing revalidation.
258 http fetch GET 304 https://registry.npmjs.org/@types%2fto-regex-range 92ms (from cache)
259 silly registry:manifest no matching version for @types/to-regex-range@ts3.6 in the cache. Forcing revalidation.
260 http fetch GET 304 https://registry.npmjs.org/@types%2ftough-cookie 69ms (from cache)
261 silly pacote tag manifest for @types/tough-cookie@ts3.6 fetched in 70ms
262 http fetch GET 304 https://registry.npmjs.org/@types%2fnumber-is-nan 2262ms (from cache)
263 silly pacote tag manifest for @types/number-is-nan@ts3.6 fetched in 2263ms
264 http fetch GET 200 https://registry.npmjs.org/@types%2fto-regex-range 61ms
265 silly fetchPackageMetaData error for @types/to-regex-range@ts3.6 No matching version found for @types/to-regex-range@ts3.6.
266 http fetch GET 304 https://registry.npmjs.org/@types%2ftypedarray-to-buffer 82ms (from cache)
267 silly registry:manifest no matching version for @types/typedarray-to-buffer@ts3.6 in the cache. Forcing revalidation.
268 http fetch GET 304 https://registry.npmjs.org/@types%2ftype-is 87ms (from cache)
269 silly pacote tag manifest for @types/type-is@ts3.6 fetched in 88ms
270 http fetch GET 200 https://registry.npmjs.org/@types%2ftypedarray-to-buffer 64ms
271 silly fetchPackageMetaData error for @types/typedarray-to-buffer@ts3.6 No matching version found for @types/typedarray-to-buffer@ts3.6.
272 http fetch GET 304 https://registry.npmjs.org/@types%2futil-deprecate 85ms (from cache)
273 silly pacote tag manifest for @types/util-deprecate@ts3.6 fetched in 87ms
274 http fetch GET 304 https://registry.npmjs.org/@types%2fonce 2369ms (from cache)
275 silly pacote tag manifest for @types/once@ts3.6 fetched in 2372ms
276 http fetch GET 304 https://registry.npmjs.org/@types%2futils-merge 71ms (from cache)
277 silly pacote tag manifest for @types/utils-merge@ts3.6 fetched in 73ms
278 http fetch GET 304 https://registry.npmjs.org/@types%2fuuid 101ms (from cache)
279 silly pacote tag manifest for @types/uuid@ts3.6 fetched in 103ms
280 http fetch GET 304 https://registry.npmjs.org/@types%2fvary 62ms (from cache)
281 silly pacote tag manifest for @types/vary@ts3.6 fetched in 64ms
282 http fetch GET 304 https://registry.npmjs.org/@types%2fverror 94ms (from cache)
283 silly pacote tag manifest for @types/verror@ts3.6 fetched in 96ms
284 http fetch GET 200 https://registry.npmjs.org/@types%2fwebidl-conversions 104ms
285 http fetch GET 200 https://registry.npmjs.org/@types/webidl-conversions/-/webidl-conversions-6.1.1.tgz 70ms
286 http fetch GET 200 https://registry.npmjs.org/@types%2fwhatwg-url 89ms
287 silly pacote tag manifest for @types/webidl-conversions@ts3.6 fetched in 181ms
288 http fetch GET 200 https://registry.npmjs.org/@types%2ftr46 665ms
289 silly fetchPackageMetaData error for @types/tr46@ts3.6 No matching version found for @types/tr46@ts3.6.
290 http fetch GET 304 https://registry.npmjs.org/@types%2fwhich 80ms (from cache)
291 silly pacote tag manifest for @types/which@ts3.6 fetched in 82ms
292 http fetch GET 304 https://registry.npmjs.org/@types%2fyallist 74ms (from cache)
293 silly pacote tag manifest for @types/yallist@ts3.6 fetched in 76ms
294 http fetch GET 304 https://registry.npmjs.org/@types%2fpsl 2172ms (from cache)
295 silly pacote tag manifest for @types/psl@ts3.6 fetched in 2173ms
296 http fetch GET 304 https://registry.npmjs.org/@types%2fnode 83ms (from cache)
297 silly pacote tag manifest for @types/node@ts3.6 fetched in 104ms
298 http fetch GET 304 https://registry.npmjs.org/@types%2freadable-stream 2287ms (from cache)
299 silly pacote tag manifest for @types/readable-stream@ts3.6 fetched in 2288ms
300 http fetch GET 304 https://registry.npmjs.org/@types%2fregistry-auth-token 2427ms (from cache)
301 silly pacote tag manifest for @types/registry-auth-token@ts3.6 fetched in 2428ms
302 http fetch GET 304 https://registry.npmjs.org/@types%2fwrite-file-atomic 736ms (from cache)
303 silly pacote tag manifest for @types/write-file-atomic@ts3.6 fetched in 737ms
304 http fetch GET 200 https://registry.npmjs.org/@types%2ftoidentifier 1423ms
305 silly fetchPackageMetaData error for @types/toidentifier@ts3.6 No matching version found for @types/toidentifier@ts3.6.
306 http fetch GET 200 https://registry.npmjs.org/@types/whatwg-url/-/whatwg-url-8.2.1.tgz 1095ms
307 silly pacote tag manifest for @types/whatwg-url@ts3.6 fetched in 1189ms
308 http fetch GET 304 https://registry.npmjs.org/@types%2ftouch 2227ms (from cache)
309 silly pacote tag manifest for @types/touch@ts3.6 fetched in 2229ms
310 http fetch GET 304 https://registry.npmjs.org/@types%2furl-parse-lax 2123ms (from cache)
311 silly registry:manifest no matching version for @types/url-parse-lax@ts3.6 in the cache. Forcing revalidation.
312 http fetch GET 304 https://registry.npmjs.org/@types%2fupdate-notifier 2213ms (from cache)
313 silly pacote tag manifest for @types/update-notifier@ts3.6 fetched in 2215ms
314 http fetch GET 200 https://registry.npmjs.org/@types%2furl-parse-lax 670ms
315 silly fetchPackageMetaData error for @types/url-parse-lax@ts3.6 No matching version found for @types/url-parse-lax@ts3.6.
316 timing stage:rollbackFailedOptional Completed in 0ms
317 timing stage:runTopLevelLifecycles Completed in 9443ms
318 verbose type tag
319 verbose stack @types/fill-range: No matching version found for @types/fill-range@ts3.6.
319 verbose stack     at pickManifest (/usr/local/lib/node_modules/npm/node_modules/npm-pick-manifest/index.js:122:13)
319 verbose stack     at /usr/local/lib/node_modules/npm/node_modules/pacote/lib/fetchers/registry/manifest.js:43:18
319 verbose stack     at tryCatcher (/usr/local/lib/node_modules/npm/node_modules/bluebird/js/release/util.js:16:23)
319 verbose stack     at Promise._settlePromiseFromHandler (/usr/local/lib/node_modules/npm/node_modules/bluebird/js/release/promise.js:517:31)
319 verbose stack     at Promise._settlePromise (/usr/local/lib/node_modules/npm/node_modules/bluebird/js/release/promise.js:574:18)
319 verbose stack     at Promise._settlePromise0 (/usr/local/lib/node_modules/npm/node_modules/bluebird/js/release/promise.js:619:10)
319 verbose stack     at Promise._settlePromises (/usr/local/lib/node_modules/npm/node_modules/bluebird/js/release/promise.js:699:18)
319 verbose stack     at _drainQueueStep (/usr/local/lib/node_modules/npm/node_modules/bluebird/js/release/async.js:138:12)
319 verbose stack     at _drainQueue (/usr/local/lib/node_modules/npm/node_modules/bluebird/js/release/async.js:131:9)
319 verbose stack     at Async._drainQueues (/usr/local/lib/node_modules/npm/node_modules/bluebird/js/release/async.js:147:5)
319 verbose stack     at Immediate.Async.drainQueues [as _onImmediate] (/usr/local/lib/node_modules/npm/node_modules/bluebird/js/release/async.js:17:14)
319 verbose stack     at processImmediate (internal/timers.js:456:21)
320 verbose cwd /home/theia/.cache/typescript/3.6
321 verbose Linux 5.15.90.1-microsoft-standard-WSL2
322 verbose argv "/usr/local/bin/node" "/usr/local/bin/npm" "install" "--ignore-scripts" "@types/bcrypt@ts3.6" "@types/express@ts3.6" "@types/nodemon@ts3.6" "@types/sqlite3@ts3.6" "@types/abbrev@ts3.6" "@types/accepts@ts3.6" "@types/ansi-align@ts3.6" "@types/are-we-there-yet@ts3.6" "@types/asn1@ts3.6" "@types/assert-plus@ts3.6" "@types/aws4@ts3.6" "@types/balanced-match@ts3.6" "@types/body-parser@ts3.6" "@types/brace-expansion@ts3.6" "@types/braces@ts3.6" "@types/bytes@ts3.6" "@types/caseless@ts3.6" "@types/chownr@ts3.6" "@types/color-convert@ts3.6" "@types/color-name@ts3.6" "@types/color-support@ts3.6" "@types/combined-stream@ts3.6" "@types/concat-map@ts3.6" "@types/configstore@ts3.6" "@types/content-disposition@ts3.6" "@types/content-type@ts3.6" "@types/cookie@ts3.6" "@types/cookie-signature@ts3.6" "@types/dashdash@ts3.6" "@types/debug@ts3.6" "@types/deep-extend@ts3.6" "@types/delegates@ts3.6" "@types/depd@ts3.6" "@types/destroy@ts3.6" "@types/detect-libc@ts3.6" "@types/duplexer3@ts3.6" "@types/ee-first@ts3.6" "@types/encodeurl@ts3.6" "@types/end-of-stream@ts3.6" "@types/escape-html@ts3.6" "@types/etag@ts3.6" "@types/extend@ts3.6" "@types/extsprintf@ts3.6" "@types/fill-range@ts3.6" "@types/finalhandler@ts3.6" "@types/forever-agent@ts3.6" "@types/forwarded@ts3.6" "@types/fresh@ts3.6" "@types/fs-minipass@ts3.6" "@types/gauge@ts3.6" "@types/getpass@ts3.6" "@types/glob-parent@ts3.6" "@types/graceful-fs@ts3.6" "@types/http-cache-semantics@ts3.6" "@types/http-errors@ts3.6" "@types/http-signature@ts3.6" "@types/ignore-walk@ts3.6" "@types/imurmurhash@ts3.6" "@types/inherits@ts3.6" "@types/ini@ts3.6" "@types/is-ci@ts3.6" "@types/is-glob@ts3.6" "@types/is-number@ts3.6" "@types/is-typedarray@ts3.6" "@types/isarray@ts3.6" "@types/isexe@ts3.6" "@types/isstream@ts3.6" "@types/jsbn@ts3.6" "@types/json-buffer@ts3.6" "@types/json-schema@ts3.6" "@types/json-stringify-safe@ts3.6" "@types/jsprim@ts3.6" "@types/media-typer@ts3.6" "@types/merge-descriptors@ts3.6" "@types/methods@ts3.6" "@types/mime@ts3.6" "@types/mime-db@ts3.6" "@types/mime-types@ts3.6" "@types/minimist@ts3.6" "@types/minizlib@ts3.6" "@types/ms@ts3.6" "@types/needle@ts3.6" "@types/negotiator@ts3.6" "@types/node-fetch@ts3.6" "@types/nopt@ts3.6" "@types/normalize-path@ts3.6" "@types/npm-packlist@ts3.6" "@types/npmlog@ts3.6" "@types/number-is-nan@ts3.6" "@types/object-assign@ts3.6" "@types/on-finished@ts3.6" "@types/once@ts3.6" "@types/os-homedir@ts3.6" "@types/os-tmpdir@ts3.6" "@types/osenv@ts3.6" "@types/parseurl@ts3.6" "@types/path-is-absolute@ts3.6" "@types/picomatch@ts3.6" "@types/proxy-addr@ts3.6" "@types/psl@ts3.6" "@types/pump@ts3.6" "@types/punycode@ts3.6" "@types/qs@ts3.6" "@types/range-parser@ts3.6" "@types/rc@ts3.6" "@types/readable-stream@ts3.6" "@types/registry-auth-token@ts3.6" "@types/request@ts3.6" "@types/responselike@ts3.6" "@types/safer-buffer@ts3.6" "@types/sax@ts3.6" "@types/semver@ts3.6" "@types/send@ts3.6" "@types/serve-static@ts3.6" "@types/set-blocking@ts3.6" "@types/signal-exit@ts3.6" "@types/sshpk@ts3.6" "@types/statuses@ts3.6" "@types/supports-color@ts3.6" "@types/tar@ts3.6" "@types/to-regex-range@ts3.6" "@types/toidentifier@ts3.6" "@types/touch@ts3.6" "@types/tough-cookie@ts3.6" "@types/tr46@ts3.6" "@types/type-is@ts3.6" "@types/typedarray-to-buffer@ts3.6" "@types/update-notifier@ts3.6" "@types/url-parse-lax@ts3.6" "@types/util-deprecate@ts3.6" "@types/utils-merge@ts3.6" "@types/uuid@ts3.6" "@types/vary@ts3.6" "@types/verror@ts3.6" "@types/webidl-conversions@ts3.6" "@types/whatwg-url@ts3.6" "@types/which@ts3.6" "@types/write-file-atomic@ts3.6" "@types/yallist@ts3.6" "@types/node@ts3.6" "--save-dev" "--user-agent=typesInstaller/3.6.3"
323 verbose node v12.18.3
324 verbose npm  v6.14.6
325 error code ETARGET
326 error notarget No matching version found for @types/fill-range@ts3.6.
327 error notarget In most cases you or one of your dependencies are requesting
327 error notarget a package version that doesn't exist.
328 verbose exit [ 1, true ]
